C51 COMPILER V9.56.0.0   EEPROM                                                            07/24/2019 14:05:04 PAGE 1   


C51 COMPILER V9.56.0.0, COMPILATION OF MODULE EEPROM
OBJECT MODULE PLACED IN .\Objects\eeprom.obj
COMPILER INVOKED BY: D:\keil\C51\BIN\C51.EXE eeprom.c LARGE OPTIMIZE(8,SPEED) BROWSE DEBUG OBJECTEXTEND PRINT(.\Listings
                    -\eeprom.lst) TABS(2) OBJECT(.\Objects\eeprom.obj)

line level    source

   1          #include "eeprom.h"
   2          #include "intrins.h"
   3          #include "stc15.h"
   4          
   5          
   6          /*----------------------------
   7          关闭IAP
   8          ----------------------------*/
   9          void IapIdle()
  10          {
  11   1          IAP_CONTR = 0;                  //关闭IAP功能
  12   1          IAP_CMD = 0;                    //清除命令寄存器
  13   1          IAP_TRIG = 0;                   //清除触发寄存器
  14   1          IAP_ADDRH = 0x80;               //将地址设置到非IAP区域
  15   1          IAP_ADDRL = 0;
  16   1      }
  17          
  18          /*----------------------------
  19          从ISP/IAP/EEPROM区域读取一字节
  20          ----------------------------*/
  21          BYTE IapReadByte(WORD addr)
  22          {
  23   1          BYTE dat;                       //数据缓冲区
  24   1      
  25   1          IAP_CONTR = ENABLE_IAP;         //使能IAP
  26   1          IAP_CMD = CMD_READ;             //设置IAP命令
  27   1          IAP_ADDRL = addr;               //设置IAP低地址
  28   1          IAP_ADDRH = addr >> 8;          //设置IAP高地址
  29   1          IAP_TRIG = 0x5a;                //写触发命令(0x5a)
  30   1          IAP_TRIG = 0xa5;                //写触发命令(0xa5)
  31   1          _nop_();                        //等待ISP/IAP/EEPROM操作完成
  32   1          dat = IAP_DATA;                 //读ISP/IAP/EEPROM数据
  33   1          IapIdle();                      //关闭IAP功能
  34   1      
  35   1          return dat;                     //返回
  36   1      }
  37          
  38          /*----------------------------
  39          写一字节数据到ISP/IAP/EEPROM区域
  40          ----------------------------*/
  41          void IapProgramByte(WORD addr, BYTE dat)
  42          {
  43   1          IAP_CONTR = ENABLE_IAP;         //使能IAP
  44   1          IAP_CMD = CMD_PROGRAM;          //设置IAP命令
  45   1          IAP_ADDRL = addr;               //设置IAP低地址
  46   1          IAP_ADDRH = addr >> 8;          //设置IAP高地址
  47   1          IAP_DATA = dat;                 //写ISP/IAP/EEPROM数据
  48   1          IAP_TRIG = 0x5a;                //写触发命令(0x5a)
  49   1          IAP_TRIG = 0xa5;                //写触发命令(0xa5)
  50   1          _nop_();                        //等待ISP/IAP/EEPROM操作完成
  51   1          IapIdle();
  52   1      }
  53          
  54          /*----------------------------
C51 COMPILER V9.56.0.0   EEPROM                                                            07/24/2019 14:05:04 PAGE 2   

  55          扇区擦除
  56          ----------------------------*/
  57          void IapEraseSector(WORD addr)
  58          {
  59   1          IAP_CONTR = ENABLE_IAP;         //使能IAP
  60   1          IAP_CMD = CMD_ERASE;            //设置IAP命令
  61   1          IAP_ADDRL = addr;               //设置IAP低地址
  62   1          IAP_ADDRH = addr >> 8;          //设置IAP高地址
  63   1          IAP_TRIG = 0x5a;                //写触发命令(0x5a)
  64   1          IAP_TRIG = 0xa5;                //写触发命令(0xa5)
  65   1          _nop_();                        //等待ISP/IAP/EEPROM操作完成
  66   1          IapIdle();
  67   1      }


MODULE INFORMATION:   STATIC OVERLAYABLE
   CODE SIZE        =     83    ----
   CONSTANT SIZE    =   ----    ----
   XDATA SIZE       =   ----    ----
   PDATA SIZE       =   ----    ----
   DATA SIZE        =   ----    ----
   IDATA SIZE       =   ----    ----
   BIT SIZE         =   ----    ----
END OF MODULE INFORMATION.


C51 COMPILATION COMPLETE.  0 WARNING(S),  0 ERROR(S)
